Build started 21/11/2021 12:54:37 CH.
     1>Project "F:\GAMEBANMAYBAY\GameSDLDemo\GameSDLDemo.vcxproj" on node 2 (Build target(s)).
     1>ClCompile:
         F:\vs 13\VC\bin\CL.exe /c /Zi /nologo /W3 /WX- /sdl /O2 /Oi /Oy- /GL /D WIN32 /D NDEBUG /D _CONSOLE /D _UNICODE /D UNICODE /Gm- /EHsc /MD /GS /Gy /fp:precise /Zc:wchar_t /Zc:forScope /Fo"Release\\" /Fd"Release\vc120.pdb" /Gd /TP /analyze- /errorReport:prompt main.cpp
         main.cpp
     1>main.cpp(181): warning C4018: '<' : signed/unsigned mismatch
     1>main.cpp(208): warning C4244: 'initializing' : conversion from 'double' to 'int', possible loss of data
     1>main.cpp(209): warning C4244: 'initializing' : conversion from 'double' to 'int', possible loss of data
     1>main.cpp(237): warning C4018: '<' : signed/unsigned mismatch
     1>main.cpp(248): warning C4244: 'initializing' : conversion from 'double' to 'int', possible loss of data
     1>main.cpp(249): warning C4244: 'initializing' : conversion from 'double' to 'int', possible loss of data
       Link:
         F:\vs 13\VC\bin\link.exe /ERRORREPORT:PROMPT /OUT:"F:\GAMEBANMAYBAY\Release\GameSDLDemo.exe" /INCREMENTAL:NO /NOLOGO SDL.lib SDLmain.lib SDL_image.lib SDL_mixer.lib SDL_ttf.lib kernel32.lib user32.lib gdi32.lib winspool.lib comdlg32.lib advapi32.lib shell32.lib ole32.lib oleaut32.lib uuid.lib odbc32.lib odbccp32.lib /MANIFEST /MANIFESTUAC:"level='asInvoker' uiAccess='false'" /manifest:embed /DEBUG /PDB:"F:\GAMEBANMAYBAY\Release\GameSDLDemo.pdb" /SUBSYSTEM:WINDOWS /OPT:REF /OPT:ICF /LTCG /TLBID:1 /DYNAMICBASE /NXCOMPAT /IMPLIB:"F:\GAMEBANMAYBAY\Release\GameSDLDemo.lib" /MACHINE:X86 /SAFESEH Release\BulletObject.obj
         Release\BaseObject.obj
         Release\Common_Function.obj
         Release\ExplosionObject.obj
         Release\main.obj
         Release\MainObject.obj
         Release\ThreatsObject.obj
         Generating code
         Finished generating code
         GameSDLDemo.vcxproj -> F:\GAMEBANMAYBAY\Release\GameSDLDemo.exe
     1>Done Building Project "F:\GAMEBANMAYBAY\GameSDLDemo\GameSDLDemo.vcxproj" (Build target(s)).

Build succeeded.

Time Elapsed 00:00:05.34
